Using pre-set license
Built from '2020.3/staging' branch; Version is '2020.3.20f1 (41c4e627c95f) revision 4310246'; Using compiler version '192528614'; Build Type 'Release'
OS: 'Windows 10 Home; OS build 22000.376; Version 2009; 64bit' Language: 'en' Physical Memory: 32581 MB
BatchMode: 1, IsHumanControllingUs: 0, StartBugReporterOnCrash: 0, Is64bit: 1, IsPro: 0

COMMAND LINE ARGUMENTS:
C:\Program Files\Unity\Hub\Editor\2020.3.20f1\Editor\Unity.exe
-adb2
-batchMode
-noUpm
-name
AssetImportWorker0
-projectPath
C:/Users/user/Projects/110-01-GameDev/FinalProject/TagGameUnity
-logFile
Logs/AssetImportWorker0.log
-srvPort
5257
Successfully changed project path to: C:/Users/user/Projects/110-01-GameDev/FinalProject/TagGameUnity
C:/Users/user/Projects/110-01-GameDev/FinalProject/TagGameUnity
Using Asset Import Pipeline V2.
Refreshing native plugins compatible for Editor in 64.63 ms, found 2 plugins.
Preloading 0 native plugins for Editor in 0.00 ms.
Initialize engine version: 2020.3.20f1 (41c4e627c95f)
[Subsystems] Discovering subsystems at path C:/Program Files/Unity/Hub/Editor/2020.3.20f1/Editor/Data/Resources/UnitySubsystems
[Subsystems] Discovering subsystems at path C:/Users/user/Projects/110-01-GameDev/FinalProject/TagGameUnity/Assets
GfxDevice: creating device client; threaded=0
Direct3D:
    Version:  Direct3D 11.0 [level 11.1]
    Renderer: NVIDIA GeForce RTX 3070 (ID=0x2488)
    Vendor:   
    VRAM:     8043 MB
    Driver:   30.0.14.9613
Initialize mono
Mono path[0] = 'C:/Program Files/Unity/Hub/Editor/2020.3.20f1/Editor/Data/Managed'
Mono path[1] = 'C:/Program Files/Unity/Hub/Editor/2020.3.20f1/Editor/Data/MonoBleedingEdge/lib/mono/unityjit'
Mono config path = 'C:/Program Files/Unity/Hub/Editor/2020.3.20f1/Editor/Data/MonoBleedingEdge/etc'
Using monoOptions --debugger-agent=transport=dt_socket,embedding=1,server=y,suspend=n,address=127.0.0.1:56452
Begin MonoManager ReloadAssembly
Registering precompiled unity dll's ...
Register platform support module: C:/Program Files/Unity/Hub/Editor/2020.3.20f1/Editor/Data/PlaybackEngines/WebGLSupport/UnityEditor.WebGL.Extensions.dll
Register platform support module: C:/Program Files/Unity/Hub/Editor/2020.3.20f1/Editor/Data/PlaybackEngines/MacStandaloneSupport/UnityEditor.OSXStandalone.Extensions.dll
Register platform support module: C:/Program Files/Unity/Hub/Editor/2020.3.20f1/Editor/Data/PlaybackEngines/WindowsStandaloneSupport/UnityEditor.WindowsStandalone.Extensions.dll
Register platform support module: C:/Program Files/Unity/Hub/Editor/2020.3.20f1/Editor/Data/PlaybackEngines/LinuxStandaloneSupport/UnityEditor.LinuxStandalone.Extensions.dll
Registered in 0.001876 seconds.
Native extension for LinuxStandalone target not found
Native extension for WindowsStandalone target not found
Native extension for OSXStandalone target not found
Native extension for WebGL target not found
Refreshing native plugins compatible for Editor in 73.43 ms, found 2 plugins.
Preloading 0 native plugins for Editor in 0.00 ms.
Mono: successfully reloaded assembly
- Completed reload, in  1.118 seconds
Domain Reload Profiling:
	ReloadAssembly (1118ms)
		BeginReloadAssembly (40ms)
			ExecutionOrderSort (0ms)
			DisableScriptedObjects (0ms)
			BackupInstance (0ms)
			ReleaseScriptingObjects (0ms)
			CreateAndSetChildDomain (1ms)
		EndReloadAssembly (406ms)
			LoadAssemblies (39ms)
			RebuildTransferFunctionScriptingTraits (0ms)
			SetupTypeCache (131ms)
			ReleaseScriptCaches (0ms)
			RebuildScriptCaches (26ms)
			SetupLoadedEditorAssemblies (179ms)
				LogAssemblyErrors (0ms)
				InitializePlatformSupportModulesInManaged (5ms)
				SetLoadedEditorAssemblies (0ms)
				RefreshPlugins (73ms)
				BeforeProcessingInitializeOnLoad (12ms)
				ProcessInitializeOnLoadAttributes (65ms)
				ProcessInitializeOnLoadMethodAttributes (24ms)
				AfterProcessingInitializeOnLoad (0ms)
				EditorAssembliesLoaded (0ms)
			ExecutionOrderSort2 (0ms)
			AwakeInstancesAfterBackupRestoration (0ms)
Platform modules already initialized, skipping
Registering precompiled user dll's ...
Registered in 0.005794 seconds.
Begin MonoManager ReloadAssembly
Native extension for LinuxStandalone target not found
Native extension for WindowsStandalone target not found
Native extension for OSXStandalone target not found
Native extension for WebGL target not found
Refreshing native plugins compatible for Editor in 74.70 ms, found 2 plugins.
Preloading 0 native plugins for Editor in 0.00 ms.
Mono: successfully reloaded assembly
- Completed reload, in  1.336 seconds
Domain Reload Profiling:
	ReloadAssembly (1337ms)
		BeginReloadAssembly (110ms)
			ExecutionOrderSort (0ms)
			DisableScriptedObjects (4ms)
			BackupInstance (0ms)
			ReleaseScriptingObjects (0ms)
			CreateAndSetChildDomain (16ms)
		EndReloadAssembly (1179ms)
			LoadAssemblies (79ms)
			RebuildTransferFunctionScriptingTraits (0ms)
			SetupTypeCache (354ms)
			ReleaseScriptCaches (1ms)
			RebuildScriptCaches (58ms)
			SetupLoadedEditorAssemblies (586ms)
				LogAssemblyErrors (0ms)
				InitializePlatformSupportModulesInManaged (11ms)
				SetLoadedEditorAssemblies (0ms)
				RefreshPlugins (75ms)
				BeforeProcessingInitializeOnLoad (89ms)
				ProcessInitializeOnLoadAttributes (401ms)
				ProcessInitializeOnLoadMethodAttributes (6ms)
				AfterProcessingInitializeOnLoad (4ms)
				EditorAssembliesLoaded (0ms)
			ExecutionOrderSort2 (0ms)
			AwakeInstancesAfterBackupRestoration (5ms)
Platform modules already initialized, skipping
========================================================================
Worker process is ready to serve import requests
Launched and connected shader compiler UnityShaderCompiler.exe after 0.05 seconds
Refreshing native plugins compatible for Editor in 0.72 ms, found 2 plugins.
Preloading 0 native plugins for Editor in 0.00 ms.
Unloading 4053 Unused Serialized files (Serialized files now loaded: 0)
System memory in use before: 176.6 MB.
System memory in use after: 176.8 MB.

Unloading 32 unused Assets to reduce memory usage. Loaded Objects now: 4483.
Total: 3.883200 ms (FindLiveObjects: 0.372500 ms CreateObjectMapping: 0.249800 ms MarkObjects: 3.171400 ms  DeleteObjects: 0.088700 ms)

AssetImportParameters requested are different than current active one (requested -> active):
  custom:framework-win-MediaFoundation: 216162199b28c13a410421893ffa2e32 -> 
  custom:video-decoder-ogg-theora: a1e56fd34408186e4bbccfd4996cb3dc -> 
  custom:container-muxer-webm: aa71ff27fc2769a1b78a27578f13a17b -> 
  custom:container-demuxer-webm: 4f35f7cbe854078d1ac9338744f61a02 -> 
  custom:container-demuxer-ogg: 62fdf1f143b41e24485cea50d1cbac27 -> 
  custom:video-encoder-webm-vp8: eb34c28f22e8b96e1ab97ce403110664 -> 
  custom:video-decoder-webm-vp8: 9c59270c3fd7afecdb556c50c9e8de78 -> 
  custom:audio-decoder-ogg-vorbis: bf7c407c2cedff20999df2af8eb42d56 -> 
  custom:audio-encoder-webm-vorbis: bf7c407c2cedff20999df2af8eb42d56 -> 
========================================================================
Received Import Request.
  path: Assets/Scripts/Game/Managers/CuteSceneManager.cs
  artifactKey: Guid(08f4bf4f19ee20042ad6d39c31e5ba5b) Importer(815301076,1909f56bfc062723c751e8b465ee728b)
Start importing Assets/Scripts/Game/Managers/CuteSceneManager.cs using Guid(08f4bf4f19ee20042ad6d39c31e5ba5b) Importer(815301076,1909f56bfc062723c751e8b465ee728b)  -> (artifact id: '65e0c74255a9a183b5511dee03ad39f5') in 0.035336 seconds 
  Import took 0.040908 seconds .

========================================================================
Received Prepare
Registering precompiled user dll's ...
Registered in 0.006348 seconds.
Begin MonoManager ReloadAssembly
Native extension for LinuxStandalone target not found
Native extension for WindowsStandalone target not found
Native extension for OSXStandalone target not found
Native extension for WebGL target not found
Refreshing native plugins compatible for Editor in 1.23 ms, found 2 plugins.
Preloading 0 native plugins for Editor in 0.00 ms.
Mono: successfully reloaded assembly
- Completed reload, in  1.079 seconds
Domain Reload Profiling:
	ReloadAssembly (1080ms)
		BeginReloadAssembly (103ms)
			ExecutionOrderSort (0ms)
			DisableScriptedObjects (4ms)
			BackupInstance (0ms)
			ReleaseScriptingObjects (0ms)
			CreateAndSetChildDomain (35ms)
		EndReloadAssembly (928ms)
			LoadAssemblies (75ms)
			RebuildTransferFunctionScriptingTraits (0ms)
			SetupTypeCache (318ms)
			ReleaseScriptCaches (1ms)
			RebuildScriptCaches (41ms)
			SetupLoadedEditorAssemblies (393ms)
				LogAssemblyErrors (0ms)
				InitializePlatformSupportModulesInManaged (14ms)
				SetLoadedEditorAssemblies (1ms)
				RefreshPlugins (1ms)
				BeforeProcessingInitializeOnLoad (88ms)
				ProcessInitializeOnLoadAttributes (280ms)
				ProcessInitializeOnLoadMethodAttributes (6ms)
				AfterProcessingInitializeOnLoad (4ms)
				EditorAssembliesLoaded (0ms)
			ExecutionOrderSort2 (0ms)
			AwakeInstancesAfterBackupRestoration (9ms)
Platform modules already initialized, skipping
Refreshing native plugins compatible for Editor in 0.84 ms, found 2 plugins.
Preloading 0 native plugins for Editor in 0.00 ms.
Unloading 3924 Unused Serialized files (Serialized files now loaded: 0)
System memory in use before: 167.7 MB.
System memory in use after: 167.9 MB.

Unloading 25 unused Assets to reduce memory usage. Loaded Objects now: 4485.
Total: 4.104900 ms (FindLiveObjects: 0.517600 ms CreateObjectMapping: 0.240800 ms MarkObjects: 3.320200 ms  DeleteObjects: 0.025300 ms)

AssetImportParameters requested are different than current active one (requested -> active):
  custom:framework-win-MediaFoundation: 216162199b28c13a410421893ffa2e32 -> 
  custom:video-decoder-ogg-theora: a1e56fd34408186e4bbccfd4996cb3dc -> 
  custom:container-muxer-webm: aa71ff27fc2769a1b78a27578f13a17b -> 
  custom:container-demuxer-webm: 4f35f7cbe854078d1ac9338744f61a02 -> 
  custom:container-demuxer-ogg: 62fdf1f143b41e24485cea50d1cbac27 -> 
  custom:video-encoder-webm-vp8: eb34c28f22e8b96e1ab97ce403110664 -> 
  custom:video-decoder-webm-vp8: 9c59270c3fd7afecdb556c50c9e8de78 -> 
  custom:audio-decoder-ogg-vorbis: bf7c407c2cedff20999df2af8eb42d56 -> 
  custom:audio-encoder-webm-vorbis: bf7c407c2cedff20999df2af8eb42d56 -> 
========================================================================
Received Prepare
Registering precompiled user dll's ...
Registered in 0.006418 seconds.
Begin MonoManager ReloadAssembly
Native extension for LinuxStandalone target not found
Native extension for WindowsStandalone target not found
Native extension for OSXStandalone target not found
Native extension for WebGL target not found
Refreshing native plugins compatible for Editor in 0.72 ms, found 2 plugins.
Preloading 0 native plugins for Editor in 0.00 ms.
Mono: successfully reloaded assembly
- Completed reload, in  1.047 seconds
Domain Reload Profiling:
	ReloadAssembly (1048ms)
		BeginReloadAssembly (98ms)
			ExecutionOrderSort (0ms)
			DisableScriptedObjects (4ms)
			BackupInstance (0ms)
			ReleaseScriptingObjects (0ms)
			CreateAndSetChildDomain (35ms)
		EndReloadAssembly (897ms)
			LoadAssemblies (84ms)
			RebuildTransferFunctionScriptingTraits (0ms)
			SetupTypeCache (301ms)
			ReleaseScriptCaches (1ms)
			RebuildScriptCaches (39ms)
			SetupLoadedEditorAssemblies (382ms)
				LogAssemblyErrors (0ms)
				InitializePlatformSupportModulesInManaged (13ms)
				SetLoadedEditorAssemblies (0ms)
				RefreshPlugins (1ms)
				BeforeProcessingInitializeOnLoad (81ms)
				ProcessInitializeOnLoadAttributes (277ms)
				ProcessInitializeOnLoadMethodAttributes (6ms)
				AfterProcessingInitializeOnLoad (4ms)
				EditorAssembliesLoaded (0ms)
			ExecutionOrderSort2 (0ms)
			AwakeInstancesAfterBackupRestoration (7ms)
Platform modules already initialized, skipping
Refreshing native plugins compatible for Editor in 0.83 ms, found 2 plugins.
Preloading 0 native plugins for Editor in 0.00 ms.
Unloading 3924 Unused Serialized files (Serialized files now loaded: 0)
System memory in use before: 167.7 MB.
System memory in use after: 168.0 MB.

Unloading 25 unused Assets to reduce memory usage. Loaded Objects now: 4487.
Total: 4.211000 ms (FindLiveObjects: 0.379400 ms CreateObjectMapping: 0.194300 ms MarkObjects: 3.616900 ms  DeleteObjects: 0.019600 ms)

AssetImportParameters requested are different than current active one (requested -> active):
  custom:framework-win-MediaFoundation: 216162199b28c13a410421893ffa2e32 -> 
  custom:video-decoder-ogg-theora: a1e56fd34408186e4bbccfd4996cb3dc -> 
  custom:container-muxer-webm: aa71ff27fc2769a1b78a27578f13a17b -> 
  custom:container-demuxer-webm: 4f35f7cbe854078d1ac9338744f61a02 -> 
  custom:container-demuxer-ogg: 62fdf1f143b41e24485cea50d1cbac27 -> 
  custom:video-encoder-webm-vp8: eb34c28f22e8b96e1ab97ce403110664 -> 
  custom:video-decoder-webm-vp8: 9c59270c3fd7afecdb556c50c9e8de78 -> 
  custom:audio-decoder-ogg-vorbis: bf7c407c2cedff20999df2af8eb42d56 -> 
  custom:audio-encoder-webm-vorbis: bf7c407c2cedff20999df2af8eb42d56 -> 
========================================================================
Received Import Request.
  Time since last request: 145.820971 seconds.
  path: Assets/Scripts/Game/Managers/CuteSceneManager.cs
  artifactKey: Guid(08f4bf4f19ee20042ad6d39c31e5ba5b) Importer(815301076,1909f56bfc062723c751e8b465ee728b)
Start importing Assets/Scripts/Game/Managers/CuteSceneManager.cs using Guid(08f4bf4f19ee20042ad6d39c31e5ba5b) Importer(815301076,1909f56bfc062723c751e8b465ee728b)  -> (artifact id: '89120f9a865d546d4b6f50863f4ee420') in 0.006300 seconds 
  Import took 0.011202 seconds .

========================================================================
Received Import Request.
  Time since last request: 2.335030 seconds.
  path: Assets/Scripts/Game/Managers/CutSceneManager.cs
  artifactKey: Guid(08f4bf4f19ee20042ad6d39c31e5ba5b) Importer(815301076,1909f56bfc062723c751e8b465ee728b)
Start importing Assets/Scripts/Game/Managers/CutSceneManager.cs using Guid(08f4bf4f19ee20042ad6d39c31e5ba5b) Importer(815301076,1909f56bfc062723c751e8b465ee728b)  -> (artifact id: 'd513fab45e77ff74f079f9eee4a4cf17') in 0.009019 seconds 
  Import took 0.015362 seconds .

========================================================================
Received Prepare
Registering precompiled user dll's ...
Registered in 0.004875 seconds.
Begin MonoManager ReloadAssembly
Native extension for LinuxStandalone target not found
Native extension for WindowsStandalone target not found
Native extension for OSXStandalone target not found
Native extension for WebGL target not found
Refreshing native plugins compatible for Editor in 0.77 ms, found 2 plugins.
Preloading 0 native plugins for Editor in 0.00 ms.
Mono: successfully reloaded assembly
- Completed reload, in  1.018 seconds
Domain Reload Profiling:
	ReloadAssembly (1018ms)
		BeginReloadAssembly (96ms)
			ExecutionOrderSort (0ms)
			DisableScriptedObjects (4ms)
			BackupInstance (0ms)
			ReleaseScriptingObjects (0ms)
			CreateAndSetChildDomain (37ms)
		EndReloadAssembly (873ms)
			LoadAssemblies (81ms)
			RebuildTransferFunctionScriptingTraits (0ms)
			SetupTypeCache (285ms)
			ReleaseScriptCaches (1ms)
			RebuildScriptCaches (39ms)
			SetupLoadedEditorAssemblies (376ms)
				LogAssemblyErrors (0ms)
				InitializePlatformSupportModulesInManaged (13ms)
				SetLoadedEditorAssemblies (0ms)
				RefreshPlugins (1ms)
				BeforeProcessingInitializeOnLoad (82ms)
				ProcessInitializeOnLoadAttributes (269ms)
				ProcessInitializeOnLoadMethodAttributes (6ms)
				AfterProcessingInitializeOnLoad (4ms)
				EditorAssembliesLoaded (0ms)
			ExecutionOrderSort2 (0ms)
			AwakeInstancesAfterBackupRestoration (9ms)
Platform modules already initialized, skipping
Refreshing native plugins compatible for Editor in 0.74 ms, found 2 plugins.
Preloading 0 native plugins for Editor in 0.00 ms.
Unloading 3924 Unused Serialized files (Serialized files now loaded: 0)
System memory in use before: 167.8 MB.
System memory in use after: 168.0 MB.

Unloading 25 unused Assets to reduce memory usage. Loaded Objects now: 4489.
Total: 4.491900 ms (FindLiveObjects: 0.386000 ms CreateObjectMapping: 0.212700 ms MarkObjects: 3.871500 ms  DeleteObjects: 0.020400 ms)

AssetImportParameters requested are different than current active one (requested -> active):
  custom:framework-win-MediaFoundation: 216162199b28c13a410421893ffa2e32 -> 
  custom:video-decoder-ogg-theora: a1e56fd34408186e4bbccfd4996cb3dc -> 
  custom:container-muxer-webm: aa71ff27fc2769a1b78a27578f13a17b -> 
  custom:container-demuxer-webm: 4f35f7cbe854078d1ac9338744f61a02 -> 
  custom:container-demuxer-ogg: 62fdf1f143b41e24485cea50d1cbac27 -> 
  custom:video-encoder-webm-vp8: eb34c28f22e8b96e1ab97ce403110664 -> 
  custom:video-decoder-webm-vp8: 9c59270c3fd7afecdb556c50c9e8de78 -> 
  custom:audio-decoder-ogg-vorbis: bf7c407c2cedff20999df2af8eb42d56 -> 
  custom:audio-encoder-webm-vorbis: bf7c407c2cedff20999df2af8eb42d56 -> 
========================================================================
Received Prepare
Registering precompiled user dll's ...
Registered in 0.005319 seconds.
Begin MonoManager ReloadAssembly
Native extension for LinuxStandalone target not found
Native extension for WindowsStandalone target not found
Native extension for OSXStandalone target not found
Native extension for WebGL target not found
Refreshing native plugins compatible for Editor in 0.74 ms, found 2 plugins.
Preloading 0 native plugins for Editor in 0.00 ms.
Mono: successfully reloaded assembly
- Completed reload, in  1.051 seconds
Domain Reload Profiling:
	ReloadAssembly (1051ms)
		BeginReloadAssembly (104ms)
			ExecutionOrderSort (0ms)
			DisableScriptedObjects (4ms)
			BackupInstance (0ms)
			ReleaseScriptingObjects (0ms)
			CreateAndSetChildDomain (33ms)
		EndReloadAssembly (893ms)
			LoadAssemblies (83ms)
			RebuildTransferFunctionScriptingTraits (0ms)
			SetupTypeCache (293ms)
			ReleaseScriptCaches (1ms)
			RebuildScriptCaches (39ms)
			SetupLoadedEditorAssemblies (382ms)
				LogAssemblyErrors (0ms)
				InitializePlatformSupportModulesInManaged (13ms)
				SetLoadedEditorAssemblies (0ms)
				RefreshPlugins (1ms)
				BeforeProcessingInitializeOnLoad (81ms)
				ProcessInitializeOnLoadAttributes (276ms)
				ProcessInitializeOnLoadMethodAttributes (6ms)
				AfterProcessingInitializeOnLoad (4ms)
				EditorAssembliesLoaded (0ms)
			ExecutionOrderSort2 (0ms)
			AwakeInstancesAfterBackupRestoration (8ms)
Platform modules already initialized, skipping
Refreshing native plugins compatible for Editor in 0.82 ms, found 2 plugins.
Preloading 0 native plugins for Editor in 0.00 ms.
Unloading 3924 Unused Serialized files (Serialized files now loaded: 0)
System memory in use before: 167.8 MB.
System memory in use after: 168.1 MB.

Unloading 25 unused Assets to reduce memory usage. Loaded Objects now: 4491.
Total: 3.579800 ms (FindLiveObjects: 0.381200 ms CreateObjectMapping: 0.226900 ms MarkObjects: 2.950800 ms  DeleteObjects: 0.019800 ms)

AssetImportParameters requested are different than current active one (requested -> active):
  custom:framework-win-MediaFoundation: 216162199b28c13a410421893ffa2e32 -> 
  custom:video-decoder-ogg-theora: a1e56fd34408186e4bbccfd4996cb3dc -> 
  custom:container-muxer-webm: aa71ff27fc2769a1b78a27578f13a17b -> 
  custom:container-demuxer-webm: 4f35f7cbe854078d1ac9338744f61a02 -> 
  custom:container-demuxer-ogg: 62fdf1f143b41e24485cea50d1cbac27 -> 
  custom:video-encoder-webm-vp8: eb34c28f22e8b96e1ab97ce403110664 -> 
  custom:video-decoder-webm-vp8: 9c59270c3fd7afecdb556c50c9e8de78 -> 
  custom:audio-decoder-ogg-vorbis: bf7c407c2cedff20999df2af8eb42d56 -> 
  custom:audio-encoder-webm-vorbis: bf7c407c2cedff20999df2af8eb42d56 -> 
========================================================================
Received Prepare
Registering precompiled user dll's ...
Registered in 0.005203 seconds.
Begin MonoManager ReloadAssembly
Native extension for LinuxStandalone target not found
Native extension for WindowsStandalone target not found
Native extension for OSXStandalone target not found
Native extension for WebGL target not found
Refreshing native plugins compatible for Editor in 0.82 ms, found 2 plugins.
Preloading 0 native plugins for Editor in 0.00 ms.
Mono: successfully reloaded assembly
- Completed reload, in  1.052 seconds
Domain Reload Profiling:
	ReloadAssembly (1052ms)
		BeginReloadAssembly (100ms)
			ExecutionOrderSort (0ms)
			DisableScriptedObjects (6ms)
			BackupInstance (0ms)
			ReleaseScriptingObjects (0ms)
			CreateAndSetChildDomain (36ms)
		EndReloadAssembly (906ms)
			LoadAssemblies (81ms)
			RebuildTransferFunctionScriptingTraits (0ms)
			SetupTypeCache (304ms)
			ReleaseScriptCaches (1ms)
			RebuildScriptCaches (40ms)
			SetupLoadedEditorAssemblies (383ms)
				LogAssemblyErrors (0ms)
				InitializePlatformSupportModulesInManaged (13ms)
				SetLoadedEditorAssemblies (0ms)
				RefreshPlugins (1ms)
				BeforeProcessingInitializeOnLoad (84ms)
				ProcessInitializeOnLoadAttributes (275ms)
				ProcessInitializeOnLoadMethodAttributes (6ms)
				AfterProcessingInitializeOnLoad (4ms)
				EditorAssembliesLoaded (0ms)
			ExecutionOrderSort2 (0ms)
			AwakeInstancesAfterBackupRestoration (7ms)
Platform modules already initialized, skipping
Refreshing native plugins compatible for Editor in 0.72 ms, found 2 plugins.
Preloading 0 native plugins for Editor in 0.00 ms.
Unloading 3924 Unused Serialized files (Serialized files now loaded: 0)
System memory in use before: 167.8 MB.
System memory in use after: 168.1 MB.

Unloading 25 unused Assets to reduce memory usage. Loaded Objects now: 4493.
Total: 3.750900 ms (FindLiveObjects: 0.388600 ms CreateObjectMapping: 0.221900 ms MarkObjects: 3.116400 ms  DeleteObjects: 0.022800 ms)

AssetImportParameters requested are different than current active one (requested -> active):
  custom:framework-win-MediaFoundation: 216162199b28c13a410421893ffa2e32 -> 
  custom:video-decoder-ogg-theora: a1e56fd34408186e4bbccfd4996cb3dc -> 
  custom:container-muxer-webm: aa71ff27fc2769a1b78a27578f13a17b -> 
  custom:container-demuxer-webm: 4f35f7cbe854078d1ac9338744f61a02 -> 
  custom:container-demuxer-ogg: 62fdf1f143b41e24485cea50d1cbac27 -> 
  custom:video-encoder-webm-vp8: eb34c28f22e8b96e1ab97ce403110664 -> 
  custom:video-decoder-webm-vp8: 9c59270c3fd7afecdb556c50c9e8de78 -> 
  custom:audio-decoder-ogg-vorbis: bf7c407c2cedff20999df2af8eb42d56 -> 
  custom:audio-encoder-webm-vorbis: bf7c407c2cedff20999df2af8eb42d56 -> 
========================================================================
Received Prepare
Registering precompiled user dll's ...
Registered in 0.004994 seconds.
Begin MonoManager ReloadAssembly
Native extension for LinuxStandalone target not found
Native extension for WindowsStandalone target not found
Native extension for OSXStandalone target not found
Native extension for WebGL target not found
Refreshing native plugins compatible for Editor in 2.71 ms, found 2 plugins.
Preloading 0 native plugins for Editor in 0.00 ms.
Mono: successfully reloaded assembly
- Completed reload, in  1.039 seconds
Domain Reload Profiling:
	ReloadAssembly (1039ms)
		BeginReloadAssembly (94ms)
			ExecutionOrderSort (0ms)
			DisableScriptedObjects (4ms)
			BackupInstance (0ms)
			ReleaseScriptingObjects (0ms)
			CreateAndSetChildDomain (35ms)
		EndReloadAssembly (899ms)
			LoadAssemblies (78ms)
			RebuildTransferFunctionScriptingTraits (0ms)
			SetupTypeCache (310ms)
			ReleaseScriptCaches (1ms)
			RebuildScriptCaches (38ms)
			SetupLoadedEditorAssemblies (378ms)
				LogAssemblyErrors (0ms)
				InitializePlatformSupportModulesInManaged (12ms)
				SetLoadedEditorAssemblies (1ms)
				RefreshPlugins (3ms)
				BeforeProcessingInitializeOnLoad (81ms)
				ProcessInitializeOnLoadAttributes (272ms)
				ProcessInitializeOnLoadMethodAttributes (6ms)
				AfterProcessingInitializeOnLoad (4ms)
				EditorAssembliesLoaded (0ms)
			ExecutionOrderSort2 (0ms)
			AwakeInstancesAfterBackupRestoration (7ms)
Platform modules already initialized, skipping
Refreshing native plugins compatible for Editor in 0.74 ms, found 2 plugins.
Preloading 0 native plugins for Editor in 0.00 ms.
Unloading 3924 Unused Serialized files (Serialized files now loaded: 0)
System memory in use before: 167.8 MB.
System memory in use after: 168.1 MB.

Unloading 25 unused Assets to reduce memory usage. Loaded Objects now: 4495.
Total: 3.819000 ms (FindLiveObjects: 0.399800 ms CreateObjectMapping: 0.208800 ms MarkObjects: 3.188200 ms  DeleteObjects: 0.020400 ms)

AssetImportParameters requested are different than current active one (requested -> active):
  custom:framework-win-MediaFoundation: 216162199b28c13a410421893ffa2e32 -> 
  custom:video-decoder-ogg-theora: a1e56fd34408186e4bbccfd4996cb3dc -> 
  custom:container-muxer-webm: aa71ff27fc2769a1b78a27578f13a17b -> 
  custom:container-demuxer-webm: 4f35f7cbe854078d1ac9338744f61a02 -> 
  custom:container-demuxer-ogg: 62fdf1f143b41e24485cea50d1cbac27 -> 
  custom:video-encoder-webm-vp8: eb34c28f22e8b96e1ab97ce403110664 -> 
  custom:video-decoder-webm-vp8: 9c59270c3fd7afecdb556c50c9e8de78 -> 
  custom:audio-decoder-ogg-vorbis: bf7c407c2cedff20999df2af8eb42d56 -> 
  custom:audio-encoder-webm-vorbis: bf7c407c2cedff20999df2af8eb42d56 -> 
========================================================================
Received Prepare
Registering precompiled user dll's ...
Registered in 0.010811 seconds.
Begin MonoManager ReloadAssembly
Native extension for LinuxStandalone target not found
Native extension for WindowsStandalone target not found
Native extension for OSXStandalone target not found
Native extension for WebGL target not found
Refreshing native plugins compatible for Editor in 3.67 ms, found 2 plugins.
Preloading 0 native plugins for Editor in 0.00 ms.
Mono: successfully reloaded assembly
- Completed reload, in  2.616 seconds
Domain Reload Profiling:
	ReloadAssembly (2617ms)
		BeginReloadAssembly (263ms)
			ExecutionOrderSort (0ms)
			DisableScriptedObjects (10ms)
			BackupInstance (0ms)
			ReleaseScriptingObjects (0ms)
			CreateAndSetChildDomain (119ms)
		EndReloadAssembly (2241ms)
			LoadAssemblies (205ms)
			RebuildTransferFunctionScriptingTraits (0ms)
			SetupTypeCache (758ms)
			ReleaseScriptCaches (5ms)
			RebuildScriptCaches (92ms)
			SetupLoadedEditorAssemblies (995ms)
				LogAssemblyErrors (0ms)
				InitializePlatformSupportModulesInManaged (33ms)
				SetLoadedEditorAssemblies (1ms)
				RefreshPlugins (4ms)
				BeforeProcessingInitializeOnLoad (183ms)
				ProcessInitializeOnLoadAttributes (751ms)
				ProcessInitializeOnLoadMethodAttributes (15ms)
				AfterProcessingInitializeOnLoad (7ms)
				EditorAssembliesLoaded (1ms)
			ExecutionOrderSort2 (0ms)
			AwakeInstancesAfterBackupRestoration (20ms)
Platform modules already initialized, skipping
Refreshing native plugins compatible for Editor in 4.87 ms, found 2 plugins.
Preloading 0 native plugins for Editor in 0.00 ms.
Unloading 3924 Unused Serialized files (Serialized files now loaded: 0)
System memory in use before: 167.8 MB.
System memory in use after: 168.1 MB.

Unloading 25 unused Assets to reduce memory usage. Loaded Objects now: 4497.
Total: 19.211700 ms (FindLiveObjects: 3.516600 ms CreateObjectMapping: 1.335400 ms MarkObjects: 14.195900 ms  DeleteObjects: 0.154900 ms)

AssetImportParameters requested are different than current active one (requested -> active):
  custom:framework-win-MediaFoundation: 216162199b28c13a410421893ffa2e32 -> 
  custom:video-decoder-ogg-theora: a1e56fd34408186e4bbccfd4996cb3dc -> 
  custom:container-muxer-webm: aa71ff27fc2769a1b78a27578f13a17b -> 
  custom:container-demuxer-webm: 4f35f7cbe854078d1ac9338744f61a02 -> 
  custom:container-demuxer-ogg: 62fdf1f143b41e24485cea50d1cbac27 -> 
  custom:video-encoder-webm-vp8: eb34c28f22e8b96e1ab97ce403110664 -> 
  custom:video-decoder-webm-vp8: 9c59270c3fd7afecdb556c50c9e8de78 -> 
  custom:audio-decoder-ogg-vorbis: bf7c407c2cedff20999df2af8eb42d56 -> 
  custom:audio-encoder-webm-vorbis: bf7c407c2cedff20999df2af8eb42d56 -> 
========================================================================
Received Prepare
Registering precompiled user dll's ...
Registered in 0.007350 seconds.
Begin MonoManager ReloadAssembly
Native extension for LinuxStandalone target not found
Native extension for WindowsStandalone target not found
Native extension for OSXStandalone target not found
Native extension for WebGL target not found
Refreshing native plugins compatible for Editor in 1.17 ms, found 2 plugins.
Preloading 0 native plugins for Editor in 0.00 ms.
Mono: successfully reloaded assembly
- Completed reload, in  1.321 seconds
Domain Reload Profiling:
	ReloadAssembly (1322ms)
		BeginReloadAssembly (179ms)
			ExecutionOrderSort (0ms)
			DisableScriptedObjects (4ms)
			BackupInstance (0ms)
			ReleaseScriptingObjects (0ms)
			CreateAndSetChildDomain (80ms)
		EndReloadAssembly (1047ms)
			LoadAssemblies (152ms)
			RebuildTransferFunctionScriptingTraits (0ms)
			SetupTypeCache (386ms)
			ReleaseScriptCaches (1ms)
			RebuildScriptCaches (39ms)
			SetupLoadedEditorAssemblies (394ms)
				LogAssemblyErrors (0ms)
				InitializePlatformSupportModulesInManaged (15ms)
				SetLoadedEditorAssemblies (1ms)
				RefreshPlugins (1ms)
				BeforeProcessingInitializeOnLoad (86ms)
				ProcessInitializeOnLoadAttributes (280ms)
				ProcessInitializeOnLoadMethodAttributes (7ms)
				AfterProcessingInitializeOnLoad (4ms)
				EditorAssembliesLoaded (0ms)
			ExecutionOrderSort2 (0ms)
			AwakeInstancesAfterBackupRestoration (8ms)
Platform modules already initialized, skipping
Refreshing native plugins compatible for Editor in 0.72 ms, found 2 plugins.
Preloading 0 native plugins for Editor in 0.00 ms.
Unloading 3924 Unused Serialized files (Serialized files now loaded: 0)
System memory in use before: 167.8 MB.
System memory in use after: 168.1 MB.

Unloading 25 unused Assets to reduce memory usage. Loaded Objects now: 4499.
Total: 3.649200 ms (FindLiveObjects: 0.367500 ms CreateObjectMapping: 0.200700 ms MarkObjects: 3.057200 ms  DeleteObjects: 0.022600 ms)

AssetImportParameters requested are different than current active one (requested -> active):
  custom:framework-win-MediaFoundation: 216162199b28c13a410421893ffa2e32 -> 
  custom:video-decoder-ogg-theora: a1e56fd34408186e4bbccfd4996cb3dc -> 
  custom:container-muxer-webm: aa71ff27fc2769a1b78a27578f13a17b -> 
  custom:container-demuxer-webm: 4f35f7cbe854078d1ac9338744f61a02 -> 
  custom:container-demuxer-ogg: 62fdf1f143b41e24485cea50d1cbac27 -> 
  custom:video-encoder-webm-vp8: eb34c28f22e8b96e1ab97ce403110664 -> 
  custom:video-decoder-webm-vp8: 9c59270c3fd7afecdb556c50c9e8de78 -> 
  custom:audio-decoder-ogg-vorbis: bf7c407c2cedff20999df2af8eb42d56 -> 
  custom:audio-encoder-webm-vorbis: bf7c407c2cedff20999df2af8eb42d56 -> 
========================================================================
Received Prepare
Registering precompiled user dll's ...
Registered in 0.011279 seconds.
Begin MonoManager ReloadAssembly
Native extension for LinuxStandalone target not found
Native extension for WindowsStandalone target not found
Native extension for OSXStandalone target not found
Native extension for WebGL target not found
Refreshing native plugins compatible for Editor in 2.92 ms, found 2 plugins.
Preloading 0 native plugins for Editor in 0.00 ms.
Mono: successfully reloaded assembly
- Completed reload, in  2.634 seconds
Domain Reload Profiling:
	ReloadAssembly (2635ms)
		BeginReloadAssembly (268ms)
			ExecutionOrderSort (0ms)
			DisableScriptedObjects (11ms)
			BackupInstance (0ms)
			ReleaseScriptingObjects (0ms)
			CreateAndSetChildDomain (135ms)
		EndReloadAssembly (2258ms)
			LoadAssemblies (208ms)
			RebuildTransferFunctionScriptingTraits (0ms)
			SetupTypeCache (782ms)
			ReleaseScriptCaches (4ms)
			RebuildScriptCaches (114ms)
			SetupLoadedEditorAssemblies (936ms)
				LogAssemblyErrors (0ms)
				InitializePlatformSupportModulesInManaged (32ms)
				SetLoadedEditorAssemblies (1ms)
				RefreshPlugins (3ms)
				BeforeProcessingInitializeOnLoad (181ms)
				ProcessInitializeOnLoadAttributes (690ms)
				ProcessInitializeOnLoadMethodAttributes (20ms)
				AfterProcessingInitializeOnLoad (8ms)
				EditorAssembliesLoaded (1ms)
			ExecutionOrderSort2 (0ms)
			AwakeInstancesAfterBackupRestoration (20ms)
Platform modules already initialized, skipping
Refreshing native plugins compatible for Editor in 3.99 ms, found 2 plugins.
Preloading 0 native plugins for Editor in 0.00 ms.
Unloading 3924 Unused Serialized files (Serialized files now loaded: 0)
System memory in use before: 167.8 MB.
System memory in use after: 168.1 MB.

Unloading 25 unused Assets to reduce memory usage. Loaded Objects now: 4501.
Total: 19.634700 ms (FindLiveObjects: 2.671100 ms CreateObjectMapping: 1.963900 ms MarkObjects: 14.779600 ms  DeleteObjects: 0.215100 ms)

AssetImportParameters requested are different than current active one (requested -> active):
  custom:framework-win-MediaFoundation: 216162199b28c13a410421893ffa2e32 -> 
  custom:video-decoder-ogg-theora: a1e56fd34408186e4bbccfd4996cb3dc -> 
  custom:container-muxer-webm: aa71ff27fc2769a1b78a27578f13a17b -> 
  custom:container-demuxer-webm: 4f35f7cbe854078d1ac9338744f61a02 -> 
  custom:container-demuxer-ogg: 62fdf1f143b41e24485cea50d1cbac27 -> 
  custom:video-encoder-webm-vp8: eb34c28f22e8b96e1ab97ce403110664 -> 
  custom:video-decoder-webm-vp8: 9c59270c3fd7afecdb556c50c9e8de78 -> 
  custom:audio-decoder-ogg-vorbis: bf7c407c2cedff20999df2af8eb42d56 -> 
  custom:audio-encoder-webm-vorbis: bf7c407c2cedff20999df2af8eb42d56 -> 
========================================================================
Received Import Request.
  Time since last request: 3437.987480 seconds.
  path: Assets/Scripts/Game/BaseCharacter/VCamHookLookCharacter.cs
  artifactKey: Guid(ff114bd83d254ed4d9ede7942dd97f70) Importer(815301076,1909f56bfc062723c751e8b465ee728b)
Start importing Assets/Scripts/Game/BaseCharacter/VCamHookLookCharacter.cs using Guid(ff114bd83d254ed4d9ede7942dd97f70) Importer(815301076,1909f56bfc062723c751e8b465ee728b)  -> (artifact id: '632b8081945975a9002772bbdf128144') in 0.028906 seconds 
  Import took 0.046505 seconds .

========================================================================
Received Prepare
Registering precompiled user dll's ...
Registered in 0.005336 seconds.
Begin MonoManager ReloadAssembly
Native extension for LinuxStandalone target not found
Native extension for WindowsStandalone target not found
Native extension for OSXStandalone target not found
Native extension for WebGL target not found
Refreshing native plugins compatible for Editor in 0.77 ms, found 2 plugins.
Preloading 0 native plugins for Editor in 0.00 ms.
Mono: successfully reloaded assembly
- Completed reload, in  1.129 seconds
Domain Reload Profiling:
	ReloadAssembly (1129ms)
		BeginReloadAssembly (102ms)
			ExecutionOrderSort (0ms)
			DisableScriptedObjects (4ms)
			BackupInstance (0ms)
			ReleaseScriptingObjects (0ms)
			CreateAndSetChildDomain (37ms)
		EndReloadAssembly (977ms)
			LoadAssemblies (94ms)
			RebuildTransferFunctionScriptingTraits (0ms)
			SetupTypeCache (332ms)
			ReleaseScriptCaches (1ms)
			RebuildScriptCaches (42ms)
			SetupLoadedEditorAssemblies (409ms)
				LogAssemblyErrors (0ms)
				InitializePlatformSupportModulesInManaged (13ms)
				SetLoadedEditorAssemblies (0ms)
				RefreshPlugins (1ms)
				BeforeProcessingInitializeOnLoad (87ms)
				ProcessInitializeOnLoadAttributes (297ms)
				ProcessInitializeOnLoadMethodAttributes (6ms)
				AfterProcessingInitializeOnLoad (5ms)
				EditorAssembliesLoaded (0ms)
			ExecutionOrderSort2 (0ms)
			AwakeInstancesAfterBackupRestoration (10ms)
Platform modules already initialized, skipping
Refreshing native plugins compatible for Editor in 0.74 ms, found 2 plugins.
Preloading 0 native plugins for Editor in 0.00 ms.
Unloading 3924 Unused Serialized files (Serialized files now loaded: 0)
System memory in use before: 167.9 MB.
System memory in use after: 168.1 MB.

Unloading 25 unused Assets to reduce memory usage. Loaded Objects now: 4503.
Total: 3.693600 ms (FindLiveObjects: 0.382300 ms CreateObjectMapping: 0.233300 ms MarkObjects: 3.057500 ms  DeleteObjects: 0.019600 ms)

AssetImportParameters requested are different than current active one (requested -> active):
  custom:framework-win-MediaFoundation: 216162199b28c13a410421893ffa2e32 -> 
  custom:video-decoder-ogg-theora: a1e56fd34408186e4bbccfd4996cb3dc -> 
  custom:container-muxer-webm: aa71ff27fc2769a1b78a27578f13a17b -> 
  custom:container-demuxer-webm: 4f35f7cbe854078d1ac9338744f61a02 -> 
  custom:container-demuxer-ogg: 62fdf1f143b41e24485cea50d1cbac27 -> 
  custom:video-encoder-webm-vp8: eb34c28f22e8b96e1ab97ce403110664 -> 
  custom:video-decoder-webm-vp8: 9c59270c3fd7afecdb556c50c9e8de78 -> 
  custom:audio-decoder-ogg-vorbis: bf7c407c2cedff20999df2af8eb42d56 -> 
  custom:audio-encoder-webm-vorbis: bf7c407c2cedff20999df2af8eb42d56 -> 
========================================================================
Received Import Request.
  Time since last request: 154.934172 seconds.
  path: Assets/Scripts/Game/BaseCharacter/VCamHookLookCharacter.cs
  artifactKey: Guid(ff114bd83d254ed4d9ede7942dd97f70) Importer(815301076,1909f56bfc062723c751e8b465ee728b)
Start importing Assets/Scripts/Game/BaseCharacter/VCamHookLookCharacter.cs using Guid(ff114bd83d254ed4d9ede7942dd97f70) Importer(815301076,1909f56bfc062723c751e8b465ee728b)  -> (artifact id: '2e3e47d7f4df61ae9098e1f5f261f597') in 0.006435 seconds 
  Import took 0.011189 seconds .

========================================================================
Received Prepare
Registering precompiled user dll's ...
Registered in 0.005059 seconds.
Begin MonoManager ReloadAssembly
Native extension for LinuxStandalone target not found
Native extension for WindowsStandalone target not found
Native extension for OSXStandalone target not found
Native extension for WebGL target not found
Refreshing native plugins compatible for Editor in 0.72 ms, found 2 plugins.
Preloading 0 native plugins for Editor in 0.00 ms.
Mono: successfully reloaded assembly
- Completed reload, in  1.076 seconds
Domain Reload Profiling:
	ReloadAssembly (1076ms)
		BeginReloadAssembly (106ms)
			ExecutionOrderSort (0ms)
			DisableScriptedObjects (4ms)
			BackupInstance (0ms)
			ReleaseScriptingObjects (0ms)
			CreateAndSetChildDomain (37ms)
		EndReloadAssembly (916ms)
			LoadAssemblies (80ms)
			RebuildTransferFunctionScriptingTraits (0ms)
			SetupTypeCache (309ms)
			ReleaseScriptCaches (2ms)
			RebuildScriptCaches (38ms)
			SetupLoadedEditorAssemblies (387ms)
				LogAssemblyErrors (0ms)
				InitializePlatformSupportModulesInManaged (12ms)
				SetLoadedEditorAssemblies (0ms)
				RefreshPlugins (1ms)
				BeforeProcessingInitializeOnLoad (81ms)
				ProcessInitializeOnLoadAttributes (283ms)
				ProcessInitializeOnLoadMethodAttributes (6ms)
				AfterProcessingInitializeOnLoad (4ms)
				EditorAssembliesLoaded (0ms)
			ExecutionOrderSort2 (0ms)
			AwakeInstancesAfterBackupRestoration (8ms)
Platform modules already initialized, skipping
Refreshing native plugins compatible for Editor in 0.71 ms, found 2 plugins.
Preloading 0 native plugins for Editor in 0.00 ms.
Unloading 3924 Unused Serialized files (Serialized files now loaded: 0)
System memory in use before: 167.9 MB.
System memory in use after: 168.1 MB.

Unloading 25 unused Assets to reduce memory usage. Loaded Objects now: 4505.
Total: 3.885400 ms (FindLiveObjects: 0.387500 ms CreateObjectMapping: 0.207000 ms MarkObjects: 3.270300 ms  DeleteObjects: 0.019400 ms)

AssetImportParameters requested are different than current active one (requested -> active):
  custom:framework-win-MediaFoundation: 216162199b28c13a410421893ffa2e32 -> 
  custom:video-decoder-ogg-theora: a1e56fd34408186e4bbccfd4996cb3dc -> 
  custom:container-muxer-webm: aa71ff27fc2769a1b78a27578f13a17b -> 
  custom:container-demuxer-webm: 4f35f7cbe854078d1ac9338744f61a02 -> 
  custom:container-demuxer-ogg: 62fdf1f143b41e24485cea50d1cbac27 -> 
  custom:video-encoder-webm-vp8: eb34c28f22e8b96e1ab97ce403110664 -> 
  custom:video-decoder-webm-vp8: 9c59270c3fd7afecdb556c50c9e8de78 -> 
  custom:audio-decoder-ogg-vorbis: bf7c407c2cedff20999df2af8eb42d56 -> 
  custom:audio-encoder-webm-vorbis: bf7c407c2cedff20999df2af8eb42d56 -> 
========================================================================
Received Prepare
Registering precompiled user dll's ...
Registered in 0.006979 seconds.
Begin MonoManager ReloadAssembly
Native extension for LinuxStandalone target not found
Native extension for WindowsStandalone target not found
Native extension for OSXStandalone target not found
Native extension for WebGL target not found
Refreshing native plugins compatible for Editor in 0.81 ms, found 2 plugins.
Preloading 0 native plugins for Editor in 0.00 ms.
Mono: successfully reloaded assembly
- Completed reload, in  1.201 seconds
Domain Reload Profiling:
	ReloadAssembly (1202ms)
		BeginReloadAssembly (135ms)
			ExecutionOrderSort (0ms)
			DisableScriptedObjects (5ms)
			BackupInstance (0ms)
			ReleaseScriptingObjects (0ms)
			CreateAndSetChildDomain (53ms)
		EndReloadAssembly (1007ms)
			LoadAssemblies (109ms)
			RebuildTransferFunctionScriptingTraits (0ms)
			SetupTypeCache (372ms)
			ReleaseScriptCaches (3ms)
			RebuildScriptCaches (41ms)
			SetupLoadedEditorAssemblies (393ms)
				LogAssemblyErrors (0ms)
				InitializePlatformSupportModulesInManaged (15ms)
				SetLoadedEditorAssemblies (0ms)
				RefreshPlugins (1ms)
				BeforeProcessingInitializeOnLoad (85ms)
				ProcessInitializeOnLoadAttributes (282ms)
				ProcessInitializeOnLoadMethodAttributes (6ms)
				AfterProcessingInitializeOnLoad (4ms)
				EditorAssembliesLoaded (0ms)
			ExecutionOrderSort2 (0ms)
			AwakeInstancesAfterBackupRestoration (8ms)
Platform modules already initialized, skipping
Refreshing native plugins compatible for Editor in 1.21 ms, found 2 plugins.
Preloading 0 native plugins for Editor in 0.00 ms.
Unloading 3924 Unused Serialized files (Serialized files now loaded: 0)
System memory in use before: 167.9 MB.
System memory in use after: 168.1 MB.

Unloading 25 unused Assets to reduce memory usage. Loaded Objects now: 4507.
Total: 8.293500 ms (FindLiveObjects: 0.884200 ms CreateObjectMapping: 0.760400 ms MarkObjects: 6.612300 ms  DeleteObjects: 0.035200 ms)

AssetImportParameters requested are different than current active one (requested -> active):
  custom:framework-win-MediaFoundation: 216162199b28c13a410421893ffa2e32 -> 
  custom:video-decoder-ogg-theora: a1e56fd34408186e4bbccfd4996cb3dc -> 
  custom:container-muxer-webm: aa71ff27fc2769a1b78a27578f13a17b -> 
  custom:container-demuxer-webm: 4f35f7cbe854078d1ac9338744f61a02 -> 
  custom:container-demuxer-ogg: 62fdf1f143b41e24485cea50d1cbac27 -> 
  custom:video-encoder-webm-vp8: eb34c28f22e8b96e1ab97ce403110664 -> 
  custom:video-decoder-webm-vp8: 9c59270c3fd7afecdb556c50c9e8de78 -> 
  custom:audio-decoder-ogg-vorbis: bf7c407c2cedff20999df2af8eb42d56 -> 
  custom:audio-encoder-webm-vorbis: bf7c407c2cedff20999df2af8eb42d56 -> 
========================================================================
Received Prepare
Registering precompiled user dll's ...
Registered in 0.005160 seconds.
Begin MonoManager ReloadAssembly
Native extension for LinuxStandalone target not found
Native extension for WindowsStandalone target not found
Native extension for OSXStandalone target not found
Native extension for WebGL target not found
Refreshing native plugins compatible for Editor in 0.80 ms, found 2 plugins.
Preloading 0 native plugins for Editor in 0.00 ms.
Mono: successfully reloaded assembly
- Completed reload, in  1.092 seconds
Domain Reload Profiling:
	ReloadAssembly (1092ms)
		BeginReloadAssembly (119ms)
			ExecutionOrderSort (0ms)
			DisableScriptedObjects (4ms)
			BackupInstance (0ms)
			ReleaseScriptingObjects (0ms)
			CreateAndSetChildDomain (41ms)
		EndReloadAssembly (926ms)
			LoadAssemblies (92ms)
			RebuildTransferFunctionScriptingTraits (0ms)
			SetupTypeCache (309ms)
			ReleaseScriptCaches (1ms)
			RebuildScriptCaches (40ms)
			SetupLoadedEditorAssemblies (398ms)
				LogAssemblyErrors (0ms)
				InitializePlatformSupportModulesInManaged (13ms)
				SetLoadedEditorAssemblies (0ms)
				RefreshPlugins (1ms)
				BeforeProcessingInitializeOnLoad (90ms)
				ProcessInitializeOnLoadAttributes (284ms)
				ProcessInitializeOnLoadMethodAttributes (6ms)
				AfterProcessingInitializeOnLoad (4ms)
				EditorAssembliesLoaded (0ms)
			ExecutionOrderSort2 (0ms)
			AwakeInstancesAfterBackupRestoration (8ms)
Platform modules already initialized, skipping
Refreshing native plugins compatible for Editor in 0.73 ms, found 2 plugins.
Preloading 0 native plugins for Editor in 0.00 ms.
Unloading 3924 Unused Serialized files (Serialized files now loaded: 0)
System memory in use before: 167.9 MB.
System memory in use after: 168.1 MB.

Unloading 25 unused Assets to reduce memory usage. Loaded Objects now: 4509.
Total: 3.819400 ms (FindLiveObjects: 0.368200 ms CreateObjectMapping: 0.221000 ms MarkObjects: 3.207900 ms  DeleteObjects: 0.021100 ms)

AssetImportParameters requested are different than current active one (requested -> active):
  custom:framework-win-MediaFoundation: 216162199b28c13a410421893ffa2e32 -> 
  custom:video-decoder-ogg-theora: a1e56fd34408186e4bbccfd4996cb3dc -> 
  custom:container-muxer-webm: aa71ff27fc2769a1b78a27578f13a17b -> 
  custom:container-demuxer-webm: 4f35f7cbe854078d1ac9338744f61a02 -> 
  custom:container-demuxer-ogg: 62fdf1f143b41e24485cea50d1cbac27 -> 
  custom:video-encoder-webm-vp8: eb34c28f22e8b96e1ab97ce403110664 -> 
  custom:video-decoder-webm-vp8: 9c59270c3fd7afecdb556c50c9e8de78 -> 
  custom:audio-decoder-ogg-vorbis: bf7c407c2cedff20999df2af8eb42d56 -> 
  custom:audio-encoder-webm-vorbis: bf7c407c2cedff20999df2af8eb42d56 -> 
========================================================================
Received Import Request.
  Time since last request: 8511.831160 seconds.
  path: Assets/Scripts/Game/Managers/NetworkTimeBufferManager.cs
  artifactKey: Guid(d8c03b45d85341344b5202e2475a8cf8) Importer(815301076,1909f56bfc062723c751e8b465ee728b)
Start importing Assets/Scripts/Game/Managers/NetworkTimeBufferManager.cs using Guid(d8c03b45d85341344b5202e2475a8cf8) Importer(815301076,1909f56bfc062723c751e8b465ee728b)  -> (artifact id: '08a995add033dfdb8323d846f36c6a2d') in 0.016693 seconds 
  Import took 0.023575 seconds .

========================================================================
Received Prepare
Registering precompiled user dll's ...
Registered in 0.008172 seconds.
Begin MonoManager ReloadAssembly
Native extension for LinuxStandalone target not found
Native extension for WindowsStandalone target not found
Native extension for OSXStandalone target not found
Native extension for WebGL target not found
Refreshing native plugins compatible for Editor in 0.86 ms, found 2 plugins.
Preloading 0 native plugins for Editor in 0.00 ms.
Mono: successfully reloaded assembly
- Completed reload, in  1.055 seconds
Domain Reload Profiling:
	ReloadAssembly (1055ms)
		BeginReloadAssembly (95ms)
			ExecutionOrderSort (0ms)
			DisableScriptedObjects (4ms)
			BackupInstance (0ms)
			ReleaseScriptingObjects (0ms)
			CreateAndSetChildDomain (34ms)
		EndReloadAssembly (914ms)
			LoadAssemblies (73ms)
			RebuildTransferFunctionScriptingTraits (0ms)
			SetupTypeCache (310ms)
			ReleaseScriptCaches (1ms)
			RebuildScriptCaches (41ms)
			SetupLoadedEditorAssemblies (390ms)
				LogAssemblyErrors (0ms)
				InitializePlatformSupportModulesInManaged (13ms)
				SetLoadedEditorAssemblies (0ms)
				RefreshPlugins (1ms)
				BeforeProcessingInitializeOnLoad (84ms)
				ProcessInitializeOnLoadAttributes (282ms)
				ProcessInitializeOnLoadMethodAttributes (6ms)
				AfterProcessingInitializeOnLoad (4ms)
				EditorAssembliesLoaded (0ms)
			ExecutionOrderSort2 (0ms)
			AwakeInstancesAfterBackupRestoration (8ms)
Platform modules already initialized, skipping
Refreshing native plugins compatible for Editor in 0.84 ms, found 2 plugins.
Preloading 0 native plugins for Editor in 0.00 ms.
Unloading 3927 Unused Serialized files (Serialized files now loaded: 0)
System memory in use before: 169.1 MB.
System memory in use after: 168.5 MB.

Unloading 27 unused Assets to reduce memory usage. Loaded Objects now: 4512.
Total: 4.177600 ms (FindLiveObjects: 0.428300 ms CreateObjectMapping: 0.252600 ms MarkObjects: 3.028000 ms  DeleteObjects: 0.467400 ms)

AssetImportParameters requested are different than current active one (requested -> active):
  custom:framework-win-MediaFoundation: 216162199b28c13a410421893ffa2e32 -> 
  custom:video-decoder-ogg-theora: a1e56fd34408186e4bbccfd4996cb3dc -> 
  custom:container-muxer-webm: aa71ff27fc2769a1b78a27578f13a17b -> 
  custom:container-demuxer-webm: 4f35f7cbe854078d1ac9338744f61a02 -> 
  custom:container-demuxer-ogg: 62fdf1f143b41e24485cea50d1cbac27 -> 
  custom:video-encoder-webm-vp8: eb34c28f22e8b96e1ab97ce403110664 -> 
  custom:video-decoder-webm-vp8: 9c59270c3fd7afecdb556c50c9e8de78 -> 
  custom:audio-decoder-ogg-vorbis: bf7c407c2cedff20999df2af8eb42d56 -> 
  custom:audio-encoder-webm-vorbis: bf7c407c2cedff20999df2af8eb42d56 -> 
========================================================================
Received Import Request.
  Time since last request: 907.200207 seconds.
  path: Assets/Toon City/Scenes/Demo_Scene_2.unity
  artifactKey: Guid(e6cab21e300ae4121a2ab9b6871af456) Importer(815301076,1909f56bfc062723c751e8b465ee728b)
Start importing Assets/Toon City/Scenes/Demo_Scene_2.unity using Guid(e6cab21e300ae4121a2ab9b6871af456) Importer(815301076,1909f56bfc062723c751e8b465ee728b)  -> (artifact id: 'd714899aac8f8854a584af92ad869f97') in 0.064077 seconds 
  Import took 0.069910 seconds .

========================================================================
Received Import Request.
  Time since last request: 16.493079 seconds.
  path: Assets/Toon City/Scenes/Demo_Scene_1.unity
  artifactKey: Guid(0a478ad7a78fc438f804dec31333c975) Importer(815301076,1909f56bfc062723c751e8b465ee728b)
Start importing Assets/Toon City/Scenes/Demo_Scene_1.unity using Guid(0a478ad7a78fc438f804dec31333c975) Importer(815301076,1909f56bfc062723c751e8b465ee728b)  -> (artifact id: 'ca433158195597ab221f4de15bf0fe1c') in 0.011030 seconds 
  Import took 0.018424 seconds .

========================================================================
Received Import Request.
  Time since last request: 123.375078 seconds.
  path: Assets/Toon City/Textures/Road_1A_D.psd
  artifactKey: Guid(d750df71925ed4cc6832caf52a9594e6) Importer(815301076,1909f56bfc062723c751e8b465ee728b)
Start importing Assets/Toon City/Textures/Road_1A_D.psd using Guid(d750df71925ed4cc6832caf52a9594e6) Importer(815301076,1909f56bfc062723c751e8b465ee728b)  -> (artifact id: '48c625942d1f20cbd29c33c22f661b25') in 0.040642 seconds 
  Import took 0.046931 seconds .

========================================================================
Received Import Request.
  Time since last request: 0.000171 seconds.
  path: Assets/Toon City/Textures/TC_Toon_Ramp_01A_D.psd
  artifactKey: Guid(bd4c7918ddba6d7419b470c676386dd4) Importer(815301076,1909f56bfc062723c751e8b465ee728b)
Start importing Assets/Toon City/Textures/TC_Toon_Ramp_01A_D.psd using Guid(bd4c7918ddba6d7419b470c676386dd4) Importer(815301076,1909f56bfc062723c751e8b465ee728b)  -> (artifact id: 'a941d8bb6b9a9a3263068a52b89b31ac') in 0.017212 seconds 
  Import took 0.023436 seconds .

========================================================================
Received Import Request.
  Time since last request: 23.517697 seconds.
  path: Assets/Toon City/URP_Install_Toon City_2019.4.unitypackage
  artifactKey: Guid(5ab647e020476f04d952bc111f382a53) Importer(815301076,1909f56bfc062723c751e8b465ee728b)
Start importing Assets/Toon City/URP_Install_Toon City_2019.4.unitypackage using Guid(5ab647e020476f04d952bc111f382a53) Importer(815301076,1909f56bfc062723c751e8b465ee728b)  -> (artifact id: '9ab19eda9e5d9773c57790f8f0430b63') in 0.024762 seconds 
  Import took 0.030683 seconds .

========================================================================
Received Prepare
Registering precompiled user dll's ...
Registered in 0.013486 seconds.
Begin MonoManager ReloadAssembly
Native extension for LinuxStandalone target not found
Native extension for WindowsStandalone target not found
Native extension for OSXStandalone target not found
Native extension for WebGL target not found
Refreshing native plugins compatible for Editor in 0.83 ms, found 2 plugins.
Preloading 0 native plugins for Editor in 0.00 ms.
Mono: successfully reloaded assembly
- Completed reload, in  1.047 seconds
Domain Reload Profiling:
	ReloadAssembly (1048ms)
		BeginReloadAssembly (97ms)
			ExecutionOrderSort (0ms)
			DisableScriptedObjects (5ms)
			BackupInstance (0ms)
			ReleaseScriptingObjects (0ms)
			CreateAndSetChildDomain (35ms)
		EndReloadAssembly (904ms)
			LoadAssemblies (76ms)
			RebuildTransferFunctionScriptingTraits (0ms)
			SetupTypeCache (295ms)
			ReleaseScriptCaches (1ms)
			RebuildScriptCaches (39ms)
			SetupLoadedEditorAssemblies (388ms)
				LogAssemblyErrors (0ms)
				InitializePlatformSupportModulesInManaged (13ms)
				SetLoadedEditorAssemblies (0ms)
				RefreshPlugins (1ms)
				BeforeProcessingInitializeOnLoad (80ms)
				ProcessInitializeOnLoadAttributes (281ms)
				ProcessInitializeOnLoadMethodAttributes (7ms)
				AfterProcessingInitializeOnLoad (5ms)
				EditorAssembliesLoaded (0ms)
			ExecutionOrderSort2 (0ms)
			AwakeInstancesAfterBackupRestoration (10ms)
Platform modules already initialized, skipping
Refreshing native plugins compatible for Editor in 0.83 ms, found 2 plugins.
Preloading 0 native plugins for Editor in 0.00 ms.
Unloading 3927 Unused Serialized files (Serialized files now loaded: 0)
System memory in use before: 172.2 MB.
System memory in use after: 172.0 MB.

Unloading 27 unused Assets to reduce memory usage. Loaded Objects now: 4519.
Total: 3.975000 ms (FindLiveObjects: 0.407300 ms CreateObjectMapping: 0.256500 ms MarkObjects: 3.146900 ms  DeleteObjects: 0.163300 ms)

AssetImportParameters requested are different than current active one (requested -> active):
  custom:framework-win-MediaFoundation: 216162199b28c13a410421893ffa2e32 -> 
  custom:video-decoder-ogg-theora: a1e56fd34408186e4bbccfd4996cb3dc -> 
  custom:container-muxer-webm: aa71ff27fc2769a1b78a27578f13a17b -> 
  custom:container-demuxer-webm: 4f35f7cbe854078d1ac9338744f61a02 -> 
  custom:container-demuxer-ogg: 62fdf1f143b41e24485cea50d1cbac27 -> 
  custom:video-encoder-webm-vp8: eb34c28f22e8b96e1ab97ce403110664 -> 
  custom:video-decoder-webm-vp8: 9c59270c3fd7afecdb556c50c9e8de78 -> 
  custom:audio-decoder-ogg-vorbis: bf7c407c2cedff20999df2af8eb42d56 -> 
  custom:audio-encoder-webm-vorbis: bf7c407c2cedff20999df2af8eb42d56 -> 
========================================================================
Received Import Request.
  Time since last request: 141.725669 seconds.
  path: Assets/Toon City/Prefabs Update
  artifactKey: Guid(90358bd6cf22b4f5787a22fad31c9feb) Importer(815301076,1909f56bfc062723c751e8b465ee728b)
Start importing Assets/Toon City/Prefabs Update using Guid(90358bd6cf22b4f5787a22fad31c9feb) Importer(815301076,1909f56bfc062723c751e8b465ee728b)  -> (artifact id: '482ca6568bb847d1a60c4240c1ab9862') in 0.014698 seconds 
  Import took 0.020358 seconds .

========================================================================
Received Import Request.
  Time since last request: 0.603784 seconds.
  path: Assets/Toon City/Documentation
  artifactKey: Guid(9cbb50a13d7254548a615b6408e8e1ac) Importer(815301076,1909f56bfc062723c751e8b465ee728b)
Start importing Assets/Toon City/Documentation using Guid(9cbb50a13d7254548a615b6408e8e1ac) Importer(815301076,1909f56bfc062723c751e8b465ee728b)  -> (artifact id: '788c6a2cc34905db34c224ae9aa44830') in 0.010214 seconds 
  Import took 0.015833 seconds .

========================================================================
Received Import Request.
  Time since last request: 1.145747 seconds.
  path: Assets/Toon City/Scripts
  artifactKey: Guid(99b462f7f91c847dcb3631453522afd0) Importer(815301076,1909f56bfc062723c751e8b465ee728b)
Start importing Assets/Toon City/Scripts using Guid(99b462f7f91c847dcb3631453522afd0) Importer(815301076,1909f56bfc062723c751e8b465ee728b)  -> (artifact id: '9d81f0402ffd7ef16b4604701eb140a8') in 0.010641 seconds 
  Import took 0.017744 seconds .

========================================================================
Received Import Request.
  Time since last request: 0.749810 seconds.
  path: Assets/Toon City/Scenes
  artifactKey: Guid(7c98d457481804a1c93822a33b102b21) Importer(815301076,1909f56bfc062723c751e8b465ee728b)
Start importing Assets/Toon City/Scenes using Guid(7c98d457481804a1c93822a33b102b21) Importer(815301076,1909f56bfc062723c751e8b465ee728b)  -> (artifact id: '9b6e8d0626c3d08535ecedf99020f9ca') in 0.007757 seconds 
  Import took 0.015499 seconds .

========================================================================
Received Import Request.
  Time since last request: 1.695705 seconds.
  path: Assets/Toon City/Scenes/Demo_Scene_1.unity
  artifactKey: Guid(0a478ad7a78fc438f804dec31333c975) Importer(815301076,1909f56bfc062723c751e8b465ee728b)
Start importing Assets/Toon City/Scenes/Demo_Scene_1.unity using Guid(0a478ad7a78fc438f804dec31333c975) Importer(815301076,1909f56bfc062723c751e8b465ee728b)  -> (artifact id: '58ea67ecd1e63a75017a2b3ad43fa623') in 0.022998 seconds 
  Import took 0.029855 seconds .

========================================================================
Received Import Request.
  Time since last request: 1.724397 seconds.
  path: Assets/Toon City/Scenes/Demo_Scene_2.unity
  artifactKey: Guid(e6cab21e300ae4121a2ab9b6871af456) Importer(815301076,1909f56bfc062723c751e8b465ee728b)
Start importing Assets/Toon City/Scenes/Demo_Scene_2.unity using Guid(e6cab21e300ae4121a2ab9b6871af456) Importer(815301076,1909f56bfc062723c751e8b465ee728b)  -> (artifact id: '743fbb39275cf1c234b813068bce94bf') in 0.017161 seconds 
  Import took 0.027226 seconds .

========================================================================
Received Import Request.
  Time since last request: 274.157189 seconds.
  path: Assets/Toon City/Prefabs Update/Props
  artifactKey: Guid(11e82dc96053b42efba1ff78a9b9c7a2) Importer(815301076,1909f56bfc062723c751e8b465ee728b)
Start importing Assets/Toon City/Prefabs Update/Props using Guid(11e82dc96053b42efba1ff78a9b9c7a2) Importer(815301076,1909f56bfc062723c751e8b465ee728b)  -> (artifact id: '668db93d9f1ddb5118f5ae228a7bfea2') in 0.009215 seconds 
  Import took 0.016747 seconds .

========================================================================
Received Import Request.
  Time since last request: 0.999253 seconds.
  path: Assets/Toon City/Prefabs Update/Props/Rock_Cluster_2C.prefab
  artifactKey: Guid(8d6ebcfe3b6e48246bb11afbd667a135) Importer(815301076,1909f56bfc062723c751e8b465ee728b)
Start importing Assets/Toon City/Prefabs Update/Props/Rock_Cluster_2C.prefab using Guid(8d6ebcfe3b6e48246bb11afbd667a135) Importer(815301076,1909f56bfc062723c751e8b465ee728b)  -> (artifact id: 'ddad7254dbde8fa051b0fc684ee64991') in 0.172877 seconds 
  Import took 0.179436 seconds .

========================================================================
Received Import Request.
  Time since last request: 0.000175 seconds.
  path: Assets/Toon City/Textures/Road_1A_D.psd
  artifactKey: Guid(d750df71925ed4cc6832caf52a9594e6) Importer(815301076,1909f56bfc062723c751e8b465ee728b)
Start importing Assets/Toon City/Textures/Road_1A_D.psd using Guid(d750df71925ed4cc6832caf52a9594e6) Importer(815301076,1909f56bfc062723c751e8b465ee728b)  -> (artifact id: '1e4ac8ef01347f12db551f850cee0f3a') in 0.019811 seconds 
  Import took 0.026261 seconds .

========================================================================
Received Import Request.
  Time since last request: 2.588600 seconds.
  path: Assets/Toon City/Prefabs Update/Props/Rock_Cluster_2B.prefab
  artifactKey: Guid(0671957c054e4f445b1871b30e565c20) Importer(815301076,1909f56bfc062723c751e8b465ee728b)
Start importing Assets/Toon City/Prefabs Update/Props/Rock_Cluster_2B.prefab using Guid(0671957c054e4f445b1871b30e565c20) Importer(815301076,1909f56bfc062723c751e8b465ee728b)  -> (artifact id: 'bcf99e5697653ddaa9eab5c33a394cef') in 0.023635 seconds 
  Import took 0.031051 seconds .

========================================================================
Received Import Request.
  Time since last request: 0.533391 seconds.
  path: Assets/Toon City/Prefabs Update/Props/Rock_Cluster_2A.prefab
  artifactKey: Guid(6b0ee4a075f6b4e45ade1b36cafc84b7) Importer(815301076,1909f56bfc062723c751e8b465ee728b)
Start importing Assets/Toon City/Prefabs Update/Props/Rock_Cluster_2A.prefab using Guid(6b0ee4a075f6b4e45ade1b36cafc84b7) Importer(815301076,1909f56bfc062723c751e8b465ee728b)  -> (artifact id: '9d728e8f5e248123cb3bdad76955a45d') in 0.021599 seconds 
  Import took 0.029952 seconds .

========================================================================
Received Import Request.
  Time since last request: 0.566766 seconds.
  path: Assets/Toon City/Prefabs Update/Props/Fountain_1A.prefab
  artifactKey: Guid(cfd6a984336fdfe40b206c080d25588c) Importer(815301076,1909f56bfc062723c751e8b465ee728b)
Start importing Assets/Toon City/Prefabs Update/Props/Fountain_1A.prefab using Guid(cfd6a984336fdfe40b206c080d25588c) Importer(815301076,1909f56bfc062723c751e8b465ee728b)  -> (artifact id: '7b88186404c71114b022f3b891b6f4a2') in 0.022364 seconds 
  Import took 0.029813 seconds .

========================================================================
Received Import Request.
  Time since last request: 0.718051 seconds.
  path: Assets/Toon City/Prefabs Update/Props/Bench_1C.prefab
  artifactKey: Guid(68e1d48347aca4029be3332b67fe5e8d) Importer(815301076,1909f56bfc062723c751e8b465ee728b)
Start importing Assets/Toon City/Prefabs Update/Props/Bench_1C.prefab using Guid(68e1d48347aca4029be3332b67fe5e8d) Importer(815301076,1909f56bfc062723c751e8b465ee728b)  -> (artifact id: 'db2a0194d246c8a22d0b78314e6a4863') in 0.018434 seconds 
  Import took 0.026788 seconds .

========================================================================
Received Import Request.
  Time since last request: 5.260624 seconds.
  path: Assets/Toon City/Prefabs Update/Advertising/Wall_Pannel_1C.prefab
  artifactKey: Guid(42e6757f0ce4a5f42864915df8345d63) Importer(815301076,1909f56bfc062723c751e8b465ee728b)
Start importing Assets/Toon City/Prefabs Update/Advertising/Wall_Pannel_1C.prefab using Guid(42e6757f0ce4a5f42864915df8345d63) Importer(815301076,1909f56bfc062723c751e8b465ee728b)  -> (artifact id: '8fb6317c8ccf619617efe0e578bdbb00') in 0.025089 seconds 
  Import took 0.032508 seconds .

========================================================================
Received Import Request.
  Time since last request: 0.593724 seconds.
  path: Assets/Toon City/Prefabs Update/Advertising/Wall_Pannel_1A.prefab
  artifactKey: Guid(47842d8329668b24999f04edf7b7ecbc) Importer(815301076,1909f56bfc062723c751e8b465ee728b)
Start importing Assets/Toon City/Prefabs Update/Advertising/Wall_Pannel_1A.prefab using Guid(47842d8329668b24999f04edf7b7ecbc) Importer(815301076,1909f56bfc062723c751e8b465ee728b)  -> (artifact id: '3afb329847dca53ba8d613e11b444d7c') in 0.026347 seconds 
  Import took 0.035650 seconds .

========================================================================
Received Prepare
Registering precompiled user dll's ...
Registered in 0.005200 seconds.
Begin MonoManager ReloadAssembly
Native extension for LinuxStandalone target not found
Native extension for WindowsStandalone target not found
Native extension for OSXStandalone target not found
Native extension for WebGL target not found
Refreshing native plugins compatible for Editor in 0.96 ms, found 2 plugins.
Preloading 0 native plugins for Editor in 0.00 ms.
Mono: successfully reloaded assembly
- Completed reload, in  1.082 seconds
Domain Reload Profiling:
	ReloadAssembly (1082ms)
		BeginReloadAssembly (114ms)
			ExecutionOrderSort (0ms)
			DisableScriptedObjects (5ms)
			BackupInstance (0ms)
			ReleaseScriptingObjects (0ms)
			CreateAndSetChildDomain (38ms)
		EndReloadAssembly (918ms)
			LoadAssemblies (85ms)
			RebuildTransferFunctionScriptingTraits (0ms)
			SetupTypeCache (303ms)
			ReleaseScriptCaches (2ms)
			RebuildScriptCaches (40ms)
			SetupLoadedEditorAssemblies (379ms)
				LogAssemblyErrors (0ms)
				InitializePlatformSupportModulesInManaged (14ms)
				SetLoadedEditorAssemblies (0ms)
				RefreshPlugins (1ms)
				BeforeProcessingInitializeOnLoad (80ms)
				ProcessInitializeOnLoadAttributes (274ms)
				ProcessInitializeOnLoadMethodAttributes (6ms)
				AfterProcessingInitializeOnLoad (4ms)
				EditorAssembliesLoaded (0ms)
			ExecutionOrderSort2 (0ms)
			AwakeInstancesAfterBackupRestoration (11ms)
Platform modules already initialized, skipping
Refreshing native plugins compatible for Editor in 0.92 ms, found 2 plugins.
Preloading 0 native plugins for Editor in 0.00 ms.
Unloading 3927 Unused Serialized files (Serialized files now loaded: 0)
System memory in use before: 174.6 MB.
System memory in use after: 174.6 MB.

Unloading 26 unused Assets to reduce memory usage. Loaded Objects now: 4566.
Total: 3.636000 ms (FindLiveObjects: 0.354400 ms CreateObjectMapping: 0.198500 ms MarkObjects: 2.975500 ms  DeleteObjects: 0.106400 ms)

AssetImportParameters requested are different than current active one (requested -> active):
  custom:framework-win-MediaFoundation: 216162199b28c13a410421893ffa2e32 -> 
  custom:video-decoder-ogg-theora: a1e56fd34408186e4bbccfd4996cb3dc -> 
  custom:container-muxer-webm: aa71ff27fc2769a1b78a27578f13a17b -> 
  custom:container-demuxer-webm: 4f35f7cbe854078d1ac9338744f61a02 -> 
  custom:container-demuxer-ogg: 62fdf1f143b41e24485cea50d1cbac27 -> 
  custom:video-encoder-webm-vp8: eb34c28f22e8b96e1ab97ce403110664 -> 
  custom:video-decoder-webm-vp8: 9c59270c3fd7afecdb556c50c9e8de78 -> 
  custom:audio-decoder-ogg-vorbis: bf7c407c2cedff20999df2af8eb42d56 -> 
  custom:audio-encoder-webm-vorbis: bf7c407c2cedff20999df2af8eb42d56 -> 
========================================================================
Received Import Request.
  Time since last request: 96.458793 seconds.
  path: Assets/Toon City/Particles/Falling_Leaves.prefab
  artifactKey: Guid(2439a783f1b2045f58a42071f088da64) Importer(815301076,1909f56bfc062723c751e8b465ee728b)
Start importing Assets/Toon City/Particles/Falling_Leaves.prefab using Guid(2439a783f1b2045f58a42071f088da64) Importer(815301076,1909f56bfc062723c751e8b465ee728b)  -> (artifact id: 'eede38c159ad4b79013ee08fd15e27d3') in 0.145629 seconds 
  Import took 0.151828 seconds .

========================================================================
Received Import Request.
  Time since last request: 0.000162 seconds.
  path: Assets/Toon City/Models/Materials/Falling_Leaves.mat
  artifactKey: Guid(557c51a07c2764d7ca7321a9e0d862ea) Importer(815301076,1909f56bfc062723c751e8b465ee728b)
Start importing Assets/Toon City/Models/Materials/Falling_Leaves.mat using Guid(557c51a07c2764d7ca7321a9e0d862ea) Importer(815301076,1909f56bfc062723c751e8b465ee728b)  -> (artifact id: '43869a88c2b996eb152b28acbc2d7c2a') in 0.036424 seconds 
  Import took 0.042313 seconds .

========================================================================
Received Import Request.
  Time since last request: 2.861182 seconds.
  path: Assets/Toon City/Particles/Smoke_Black.prefab
  artifactKey: Guid(d06c59fad85dc4fdab46bc6ef698c541) Importer(815301076,1909f56bfc062723c751e8b465ee728b)
Start importing Assets/Toon City/Particles/Smoke_Black.prefab using Guid(d06c59fad85dc4fdab46bc6ef698c541) Importer(815301076,1909f56bfc062723c751e8b465ee728b)  -> (artifact id: 'd2b1c33fdf647650cf7b2169129c34dc') in 0.037295 seconds 
  Import took 0.045114 seconds .

========================================================================
Received Import Request.
  Time since last request: 0.000325 seconds.
  path: Assets/Toon City/Models/Materials/Smoke_Black.mat
  artifactKey: Guid(e2c7442f868504d24bb2df826c632cfb) Importer(815301076,1909f56bfc062723c751e8b465ee728b)
Start importing Assets/Toon City/Models/Materials/Smoke_Black.mat using Guid(e2c7442f868504d24bb2df826c632cfb) Importer(815301076,1909f56bfc062723c751e8b465ee728b)  -> (artifact id: '4f75a26ec4ab379e32b12a6d458c2ab0') in 0.017047 seconds 
  Import took 0.026692 seconds .

========================================================================
Received Import Request.
  Time since last request: 1.502242 seconds.
  path: Assets/Toon City/Particles/Smoke_Grey.prefab
  artifactKey: Guid(c44656ec4de3c4b0fb8de986c266cf0b) Importer(815301076,1909f56bfc062723c751e8b465ee728b)
Start importing Assets/Toon City/Particles/Smoke_Grey.prefab using Guid(c44656ec4de3c4b0fb8de986c266cf0b) Importer(815301076,1909f56bfc062723c751e8b465ee728b)  -> (artifact id: 'ca06ee8fb9a3a423014be1fe7663e1c3') in 0.035166 seconds 
  Import took 0.041108 seconds .

========================================================================
Received Import Request.
  Time since last request: 0.000181 seconds.
  path: Assets/Toon City/Models/Materials/Smoke_Grey.mat
  artifactKey: Guid(478d7590dde524f528671bea5f378be6) Importer(815301076,1909f56bfc062723c751e8b465ee728b)
Start importing Assets/Toon City/Models/Materials/Smoke_Grey.mat using Guid(478d7590dde524f528671bea5f378be6) Importer(815301076,1909f56bfc062723c751e8b465ee728b)  -> (artifact id: '95153d6a60ca291021e9850561f8536e') in 0.018597 seconds 
  Import took 0.026109 seconds .

========================================================================
Received Import Request.
  Time since last request: 116.008208 seconds.
  path: Assets/Toon City/Profiles/LUT/LUT_Sunny_Afternoon.psd
  artifactKey: Guid(dfa405e092268c84989c70dfe83be2e8) Importer(815301076,1909f56bfc062723c751e8b465ee728b)
Start importing Assets/Toon City/Profiles/LUT/LUT_Sunny_Afternoon.psd using Guid(dfa405e092268c84989c70dfe83be2e8) Importer(815301076,1909f56bfc062723c751e8b465ee728b)  -> (artifact id: 'd445f186b206788bd3940fd1897d8da9') in 0.017146 seconds 
  Import took 0.022809 seconds .

========================================================================
Received Import Request.
  Time since last request: 0.946183 seconds.
  path: Assets/Toon City/Profiles/LUT/LUT_Late_Sunset.psd
  artifactKey: Guid(39a09b27c8657d846a5aebd37c3236ab) Importer(815301076,1909f56bfc062723c751e8b465ee728b)
Start importing Assets/Toon City/Profiles/LUT/LUT_Late_Sunset.psd using Guid(39a09b27c8657d846a5aebd37c3236ab) Importer(815301076,1909f56bfc062723c751e8b465ee728b)  -> (artifact id: '23857bd553dd712879a294e462903eaf') in 0.014689 seconds 
  Import took 0.022486 seconds .

========================================================================
Received Import Request.
  Time since last request: 4.242115 seconds.
  path: Assets/Toon City/Models/Colliders/Building_4B_MeshCollider.fbx
  artifactKey: Guid(83778d251aa1d46ee89cf0145c9637d9) Importer(815301076,1909f56bfc062723c751e8b465ee728b)
Start importing Assets/Toon City/Models/Colliders/Building_4B_MeshCollider.fbx using Guid(83778d251aa1d46ee89cf0145c9637d9) Importer(815301076,1909f56bfc062723c751e8b465ee728b)  -> (artifact id: '47e5f4bf84fdbd9806a0bd431dc48024') in 0.258655 seconds 
  Import took 0.264559 seconds .

========================================================================
Received Import Request.
  Time since last request: 0.676908 seconds.
  path: Assets/Toon City/Models/Colliders/Building_4A_MeshCollider.fbx
  artifactKey: Guid(6706dca03bdc74c618deb1d1b651ba2d) Importer(815301076,1909f56bfc062723c751e8b465ee728b)
Start importing Assets/Toon City/Models/Colliders/Building_4A_MeshCollider.fbx using Guid(6706dca03bdc74c618deb1d1b651ba2d) Importer(815301076,1909f56bfc062723c751e8b465ee728b)  -> (artifact id: '1b2050d110c088146472df3711da0704') in 0.025557 seconds 
  Import took 0.031961 seconds .

========================================================================
Received Import Request.
  Time since last request: 5.816581 seconds.
  path: Assets/Toon City/Prefabs/Advertising/Title_1B.prefab
  artifactKey: Guid(77ac1627a680c4bcbbabfee2de5713fe) Importer(815301076,1909f56bfc062723c751e8b465ee728b)
Start importing Assets/Toon City/Prefabs/Advertising/Title_1B.prefab using Guid(77ac1627a680c4bcbbabfee2de5713fe) Importer(815301076,1909f56bfc062723c751e8b465ee728b)  -> (artifact id: 'e478e4001014a9fdcb404b4f31126747') in 0.019580 seconds 
  Import took 0.028578 seconds .

========================================================================
Received Import Request.
  Time since last request: 0.587616 seconds.
  path: Assets/Toon City/Prefabs/Advertising/Billboard_3C.prefab
  artifactKey: Guid(7c71528ea8600452cbafcdde4a0d37c2) Importer(815301076,1909f56bfc062723c751e8b465ee728b)
Start importing Assets/Toon City/Prefabs/Advertising/Billboard_3C.prefab using Guid(7c71528ea8600452cbafcdde4a0d37c2) Importer(815301076,1909f56bfc062723c751e8b465ee728b)  -> (artifact id: 'ca04f5a69ceb122466e68e6b96a68f31') in 0.017415 seconds 
  Import took 0.025699 seconds .

========================================================================
Received Import Request.
  Time since last request: 0.681142 seconds.
  path: Assets/Toon City/Prefabs/Advertising/Billboard_2F.prefab
  artifactKey: Guid(193b1d35e054f46a399076abaadca250) Importer(815301076,1909f56bfc062723c751e8b465ee728b)
Start importing Assets/Toon City/Prefabs/Advertising/Billboard_2F.prefab using Guid(193b1d35e054f46a399076abaadca250) Importer(815301076,1909f56bfc062723c751e8b465ee728b)  -> (artifact id: '32b7368f8488bd80eb31542a951a7d46') in 0.016560 seconds 
  Import took 0.025629 seconds .

========================================================================
Received Import Request.
  Time since last request: 1.142818 seconds.
  path: Assets/Toon City/Prefabs/Advertising/Billboard_2E.prefab
  artifactKey: Guid(81d48eee3d0404714ae4cf194c5a70a3) Importer(815301076,1909f56bfc062723c751e8b465ee728b)
Start importing Assets/Toon City/Prefabs/Advertising/Billboard_2E.prefab using Guid(81d48eee3d0404714ae4cf194c5a70a3) Importer(815301076,1909f56bfc062723c751e8b465ee728b)  -> (artifact id: '5335b096a5a3b4ae75f06616401d3046') in 0.018176 seconds 
  Import took 0.025040 seconds .

========================================================================
Received Import Request.
  Time since last request: 3.107666 seconds.
  path: Assets/Toon City/Prefabs/Pavement/Pavement_1C_4x4.prefab
  artifactKey: Guid(31cd51876e8044ff59b6768b9768ee3c) Importer(815301076,1909f56bfc062723c751e8b465ee728b)
Start importing Assets/Toon City/Prefabs/Pavement/Pavement_1C_4x4.prefab using Guid(31cd51876e8044ff59b6768b9768ee3c) Importer(815301076,1909f56bfc062723c751e8b465ee728b)  -> (artifact id: '5632200f4ef893833aa1d10ec3ba1ff2') in 0.029129 seconds 
  Import took 0.036838 seconds .

========================================================================
Received Import Request.
  Time since last request: 0.651550 seconds.
  path: Assets/Toon City/Prefabs/Pavement/Pavement_1C_2x2.prefab
  artifactKey: Guid(ccc9f20c02a694606a382b7c20333244) Importer(815301076,1909f56bfc062723c751e8b465ee728b)
Start importing Assets/Toon City/Prefabs/Pavement/Pavement_1C_2x2.prefab using Guid(ccc9f20c02a694606a382b7c20333244) Importer(815301076,1909f56bfc062723c751e8b465ee728b)  -> (artifact id: '1d942ad261b9316d8a708a6e0f35ba4f') in 0.019262 seconds 
  Import took 0.027399 seconds .

========================================================================
Received Import Request.
  Time since last request: 0.668476 seconds.
  path: Assets/Toon City/Prefabs/Pavement/Pavement_1B_3x3.prefab
  artifactKey: Guid(05d9e8443c584492ca30a4791e8246b9) Importer(815301076,1909f56bfc062723c751e8b465ee728b)
Start importing Assets/Toon City/Prefabs/Pavement/Pavement_1B_3x3.prefab using Guid(05d9e8443c584492ca30a4791e8246b9) Importer(815301076,1909f56bfc062723c751e8b465ee728b)  -> (artifact id: '5b0d4733d6471f7e178e5e7ffaed6c68') in 0.023896 seconds 
  Import took 0.030677 seconds .

========================================================================
Received Import Request.
  Time since last request: 1.144154 seconds.
  path: Assets/Toon City/Prefabs/Pavement/Pavement_1B_2x2.prefab
  artifactKey: Guid(d41795fcf5d1247d7a0209b6ce9b9945) Importer(815301076,1909f56bfc062723c751e8b465ee728b)
Start importing Assets/Toon City/Prefabs/Pavement/Pavement_1B_2x2.prefab using Guid(d41795fcf5d1247d7a0209b6ce9b9945) Importer(815301076,1909f56bfc062723c751e8b465ee728b)  -> (artifact id: '69964a22faaf9713bdca6963eb1588bb') in 0.022682 seconds 
  Import took 0.030478 seconds .

========================================================================
Received Import Request.
  Time since last request: 183.846814 seconds.
  path: Assets/Prefabs/Environiment
  artifactKey: Guid(4a11f5ee6cf55f0428024ac7c80b1b5a) Importer(815301076,1909f56bfc062723c751e8b465ee728b)
Start importing Assets/Prefabs/Environiment using Guid(4a11f5ee6cf55f0428024ac7c80b1b5a) Importer(815301076,1909f56bfc062723c751e8b465ee728b)  -> (artifact id: '3a786e7d5be0a3cd6cf08af9aa4a7d7e') in 0.008140 seconds 
  Import took 0.016814 seconds .

========================================================================
Received Import Request.
  Time since last request: 4.311178 seconds.
  path: Assets/Prefabs/Environiment/Diorama_1B_Desktop.prefab
  artifactKey: Guid(f8908128fba59b441888db3368240637) Importer(815301076,1909f56bfc062723c751e8b465ee728b)
Start importing Assets/Prefabs/Environiment/Diorama_1B_Desktop.prefab using Guid(f8908128fba59b441888db3368240637) Importer(815301076,1909f56bfc062723c751e8b465ee728b)  -> (artifact id: 'c826aea415ed5df855c994f2ece829f5') in 0.089247 seconds 
  Import took 0.098874 seconds .

========================================================================
Received Import Request.
  Time since last request: 50.055359 seconds.
  path: Assets/Scenes/GrabBallGameScene.unity
  artifactKey: Guid(1a70951405b15494dae2aa07d1bdd532) Importer(815301076,1909f56bfc062723c751e8b465ee728b)
Start importing Assets/Scenes/GrabBallGameScene.unity using Guid(1a70951405b15494dae2aa07d1bdd532) Importer(815301076,1909f56bfc062723c751e8b465ee728b)  -> (artifact id: 'a4a0a646d3af8df99dfd916e3f5804fe') in 0.010183 seconds 
  Import took 0.017200 seconds .

========================================================================
Received Import Request.
  Time since last request: 71.491292 seconds.
  path: Assets/Toon City/Animations/Camera Animations/Loop.controller
  artifactKey: Guid(591d02bc145b84fa0b2070b698e33776) Importer(815301076,1909f56bfc062723c751e8b465ee728b)
Start importing Assets/Toon City/Animations/Camera Animations/Loop.controller using Guid(591d02bc145b84fa0b2070b698e33776) Importer(815301076,1909f56bfc062723c751e8b465ee728b)  -> (artifact id: 'fce1e35872b1b9b1db9c5911d228b84f') in 0.010072 seconds 
  Import took 0.017053 seconds .

========================================================================
Received Import Request.
  Time since last request: 10.053156 seconds.
  path: Assets/Toon City/Animations/Camera Animations/Loop_1.anim
  artifactKey: Guid(b0492242106b54835be558e3ac9358cd) Importer(815301076,1909f56bfc062723c751e8b465ee728b)
Start importing Assets/Toon City/Animations/Camera Animations/Loop_1.anim using Guid(b0492242106b54835be558e3ac9358cd) Importer(815301076,1909f56bfc062723c751e8b465ee728b)  -> (artifact id: '52b89a7c0e3d5d01753ac130a56d0e2f') in 0.010541 seconds 
  Import took 0.016582 seconds .

========================================================================
Received Import Request.
  Time since last request: 69.672824 seconds.
  path: Assets/Scenes/GrabBallGameScene.unity
  artifactKey: Guid(1a70951405b15494dae2aa07d1bdd532) Importer(815301076,1909f56bfc062723c751e8b465ee728b)
Start importing Assets/Scenes/GrabBallGameScene.unity using Guid(1a70951405b15494dae2aa07d1bdd532) Importer(815301076,1909f56bfc062723c751e8b465ee728b)  -> (artifact id: 'b51f6c569625f8127c4fa035248bb491') in 0.003429 seconds 
  Import took 0.010497 seconds .

========================================================================
Received Prepare
Registering precompiled user dll's ...
Registered in 0.006454 seconds.
Begin MonoManager ReloadAssembly
Native extension for LinuxStandalone target not found
Native extension for WindowsStandalone target not found
Native extension for OSXStandalone target not found
Native extension for WebGL target not found
Refreshing native plugins compatible for Editor in 0.82 ms, found 2 plugins.
Preloading 0 native plugins for Editor in 0.00 ms.
Mono: successfully reloaded assembly
- Completed reload, in  1.058 seconds
Domain Reload Profiling:
	ReloadAssembly (1059ms)
		BeginReloadAssembly (104ms)
			ExecutionOrderSort (0ms)
			DisableScriptedObjects (5ms)
			BackupInstance (0ms)
			ReleaseScriptingObjects (0ms)
			CreateAndSetChildDomain (37ms)
		EndReloadAssembly (906ms)
			LoadAssemblies (76ms)
			RebuildTransferFunctionScriptingTraits (0ms)
			SetupTypeCache (281ms)
			ReleaseScriptCaches (1ms)
			RebuildScriptCaches (38ms)
			SetupLoadedEditorAssemblies (394ms)
				LogAssemblyErrors (0ms)
				InitializePlatformSupportModulesInManaged (12ms)
				SetLoadedEditorAssemblies (1ms)
				RefreshPlugins (1ms)
				BeforeProcessingInitializeOnLoad (84ms)
				ProcessInitializeOnLoadAttributes (286ms)
				ProcessInitializeOnLoadMethodAttributes (5ms)
				AfterProcessingInitializeOnLoad (4ms)
				EditorAssembliesLoaded (0ms)
			ExecutionOrderSort2 (0ms)
			AwakeInstancesAfterBackupRestoration (11ms)
Platform modules already initialized, skipping
Refreshing native plugins compatible for Editor in 0.85 ms, found 2 plugins.
Preloading 0 native plugins for Editor in 0.00 ms.
Unloading 3926 Unused Serialized files (Serialized files now loaded: 0)
System memory in use before: 176.4 MB.
System memory in use after: 176.7 MB.

Unloading 25 unused Assets to reduce memory usage. Loaded Objects now: 4644.
Total: 3.582100 ms (FindLiveObjects: 0.373300 ms CreateObjectMapping: 0.198600 ms MarkObjects: 2.987700 ms  DeleteObjects: 0.021600 ms)

AssetImportParameters requested are different than current active one (requested -> active):
  custom:framework-win-MediaFoundation: 216162199b28c13a410421893ffa2e32 -> 
  custom:video-decoder-ogg-theora: a1e56fd34408186e4bbccfd4996cb3dc -> 
  custom:container-muxer-webm: aa71ff27fc2769a1b78a27578f13a17b -> 
  custom:container-demuxer-webm: 4f35f7cbe854078d1ac9338744f61a02 -> 
  custom:container-demuxer-ogg: 62fdf1f143b41e24485cea50d1cbac27 -> 
  custom:video-encoder-webm-vp8: eb34c28f22e8b96e1ab97ce403110664 -> 
  custom:video-decoder-webm-vp8: 9c59270c3fd7afecdb556c50c9e8de78 -> 
  custom:audio-decoder-ogg-vorbis: bf7c407c2cedff20999df2af8eb42d56 -> 
  custom:audio-encoder-webm-vorbis: bf7c407c2cedff20999df2af8eb42d56 -> 
========================================================================
Received Import Request.
  Time since last request: 95.599900 seconds.
  path: Assets/Prefabs/Environiment/SmallToonCity.prefab
  artifactKey: Guid(703904f2d7037e148a93ac9ddead24a7) Importer(815301076,1909f56bfc062723c751e8b465ee728b)
Start importing Assets/Prefabs/Environiment/SmallToonCity.prefab using Guid(703904f2d7037e148a93ac9ddead24a7) Importer(815301076,1909f56bfc062723c751e8b465ee728b)  -> (artifact id: '47ea40f2c24f7250a95fe04c5d1ce89e') in 0.194025 seconds 
  Import took 0.204195 seconds .

========================================================================
Received Import Request.
  Time since last request: 272.479832 seconds.
  path: Assets/Scenes/GrabBallGameScene.unity
  artifactKey: Guid(1a70951405b15494dae2aa07d1bdd532) Importer(815301076,1909f56bfc062723c751e8b465ee728b)
Start importing Assets/Scenes/GrabBallGameScene.unity using Guid(1a70951405b15494dae2aa07d1bdd532) Importer(815301076,1909f56bfc062723c751e8b465ee728b)  -> (artifact id: 'f9d9a686847554d9945e3f93dd766497') in 0.005130 seconds 
  Import took 0.013073 seconds .

========================================================================
Received Prepare
Registering precompiled user dll's ...
Registered in 0.008245 seconds.
Begin MonoManager ReloadAssembly
Native extension for LinuxStandalone target not found
Native extension for WindowsStandalone target not found
Native extension for OSXStandalone target not found
Native extension for WebGL target not found
Refreshing native plugins compatible for Editor in 4.33 ms, found 2 plugins.
Preloading 0 native plugins for Editor in 0.00 ms.
Mono: successfully reloaded assembly
- Completed reload, in  1.509 seconds
Domain Reload Profiling:
	ReloadAssembly (1510ms)
		BeginReloadAssembly (144ms)
			ExecutionOrderSort (0ms)
			DisableScriptedObjects (6ms)
			BackupInstance (0ms)
			ReleaseScriptingObjects (0ms)
			CreateAndSetChildDomain (56ms)
		EndReloadAssembly (1316ms)
			LoadAssemblies (87ms)
			RebuildTransferFunctionScriptingTraits (0ms)
			SetupTypeCache (329ms)
			ReleaseScriptCaches (1ms)
			RebuildScriptCaches (38ms)
			SetupLoadedEditorAssemblies (702ms)
				LogAssemblyErrors (0ms)
				InitializePlatformSupportModulesInManaged (20ms)
				SetLoadedEditorAssemblies (1ms)
				RefreshPlugins (5ms)
				BeforeProcessingInitializeOnLoad (121ms)
				ProcessInitializeOnLoadAttributes (534ms)
				ProcessInitializeOnLoadMethodAttributes (14ms)
				AfterProcessingInitializeOnLoad (7ms)
				EditorAssembliesLoaded (1ms)
			ExecutionOrderSort2 (0ms)
			AwakeInstancesAfterBackupRestoration (23ms)
Platform modules already initialized, skipping
Refreshing native plugins compatible for Editor in 0.84 ms, found 2 plugins.
Preloading 0 native plugins for Editor in 0.00 ms.
Unloading 3925 Unused Serialized files (Serialized files now loaded: 0)
System memory in use before: 176.6 MB.
System memory in use after: 176.8 MB.

Unloading 25 unused Assets to reduce memory usage. Loaded Objects now: 4682.
Total: 4.523500 ms (FindLiveObjects: 0.490000 ms CreateObjectMapping: 0.266000 ms MarkObjects: 3.739200 ms  DeleteObjects: 0.026300 ms)

AssetImportParameters requested are different than current active one (requested -> active):
  custom:framework-win-MediaFoundation: 216162199b28c13a410421893ffa2e32 -> 
  custom:video-decoder-ogg-theora: a1e56fd34408186e4bbccfd4996cb3dc -> 
  custom:container-muxer-webm: aa71ff27fc2769a1b78a27578f13a17b -> 
  custom:container-demuxer-webm: 4f35f7cbe854078d1ac9338744f61a02 -> 
  custom:container-demuxer-ogg: 62fdf1f143b41e24485cea50d1cbac27 -> 
  custom:video-encoder-webm-vp8: eb34c28f22e8b96e1ab97ce403110664 -> 
  custom:video-decoder-webm-vp8: 9c59270c3fd7afecdb556c50c9e8de78 -> 
  custom:audio-decoder-ogg-vorbis: bf7c407c2cedff20999df2af8eb42d56 -> 
  custom:audio-encoder-webm-vorbis: bf7c407c2cedff20999df2af8eb42d56 -> 
